<?xml version="1.0" encoding="UTF-8"?>
<!-- Generated by org.testng.reporters.JUnitReportReporter -->
<testsuite skipped="0" hostname="DESKTOP-L2RJAAD" name="TestPage.LoginPageTest" tests="1" failures="0" timestamp="2020-11-09T23:10:19 EST" time="7.248" errors="0">
  <testcase name="verifySessionLocationData" time="7.248" classname="TestPage.LoginPageTest"/>
</testsuite> <!-- TestPage.LoginPageTest -->
