<?xml version="1.0" encoding="UTF-8"?>
<!-- Generated by org.testng.reporters.JUnitReportReporter -->
<testsuite skipped="0" hostname="DESKTOP-L2RJAAD" name="TestPage.HomePageTest" tests="1" failures="0" timestamp="2020-11-09T23:22:12 EST" time="7.267" errors="0">
  <testcase name="validateLogOutLinkTest" time="7.267" classname="TestPage.HomePageTest"/>
</testsuite> <!-- TestPage.HomePageTest -->
